Renderer info: GeForce RTX 2060/PCIe/SSE2 version 4.6.0 NVIDIA 445.87 from NVIDIA Corporation
Depth buffer bits: 24
Multisampling enabled
Adding file system path C:\Users\Ryan\Documents\QuakeLevelDesign\quake-leveldesign-starterkit-master\trenchbroom\defaults\assets
Adding file system path C:\Users\Ryan\Documents\QuakeLevelDesign\quake-leveldesign-starterkit-master\trenchbroom\defaults\assets
Adding file system path C:\Program Files (x86)\GOG Galaxy\Games\Quake\id1
Adding file system package PAK0.PAK
Adding file system package PAK1.PAK
Loading document from C:\Users\Ryan\Documents\QuakeLevelDesign\quake-leveldesign-starterkit-master\working\aquaticarchmark2.map
Loaded entity definition file Quake.fgd
Loading palette file gfx\palette.lmp
Loaded texture collection 'C:\Users\Ryan\Documents\QuakeLevelDesign\quake-leveldesign-starterkit-master\wads\id1.wad'
Loaded texture collection 'C:\Users\Ryan\Documents\QuakeLevelDesign\quake-leveldesign-starterkit-master\wads\hipnotic.wad'
Loaded texture collection 'C:\Users\Ryan\Documents\QuakeLevelDesign\quake-leveldesign-starterkit-master\wads\rogue.wad'
Saved C:\Users\Ryan\Documents\QuakeLevelDesign\quake-leveldesign-starterkit-master\working\aquaticarchmark2.map
Saved C:\Users\Ryan\Documents\QuakeLevelDesign\quake-leveldesign-starterkit-master\working\aquaticarchmark2.map
Saved C:\Users\Ryan\Documents\QuakeLevelDesign\quake-leveldesign-starterkit-master\working\aquaticarchmark2.map
Saved C:\Users\Ryan\Documents\QuakeLevelDesign\quake-leveldesign-starterkit-master\working\aquaticarchmark2.map
Saved C:\Users\Ryan\Documents\QuakeLevelDesign\quake-leveldesign-starterkit-master\working\aquaticarchmark2.map
Saved C:\Users\Ryan\Documents\QuakeLevelDesign\quake-leveldesign-starterkit-master\working\aquaticarchmark2.map
Saved C:\Users\Ryan\Documents\QuakeLevelDesign\quake-leveldesign-starterkit-master\working\aquaticarchmark2.map
Saved C:\Users\Ryan\Documents\QuakeLevelDesign\quake-leveldesign-starterkit-master\working\aquaticarchmark2.map
Saved C:\Users\Ryan\Documents\QuakeLevelDesign\quake-leveldesign-starterkit-master\working\aquaticarchmark2.map
Saved C:\Users\Ryan\Documents\QuakeLevelDesign\quake-leveldesign-starterkit-master\working\aquaticarchmark2.map
Created autosave backup at C:\Users\Ryan\Documents\QuakeLevelDesign\quake-leveldesign-starterkit-master\working\autosave\aquaticarchmark2.21.map
Saved C:\Users\Ryan\Documents\QuakeLevelDesign\quake-leveldesign-starterkit-master\working\aquaticarchmark2.map
Saved C:\Users\Ryan\Documents\QuakeLevelDesign\quake-leveldesign-starterkit-master\working\aquaticarchmark2.map
Saved C:\Users\Ryan\Documents\QuakeLevelDesign\quake-leveldesign-starterkit-master\working\aquaticarchmark2.map
Saved C:\Users\Ryan\Documents\QuakeLevelDesign\quake-leveldesign-starterkit-master\working\aquaticarchmark2.map
Saved C:\Users\Ryan\Documents\QuakeLevelDesign\quake-leveldesign-starterkit-master\working\aquaticarchmark2.map
Saved C:\Users\Ryan\Documents\QuakeLevelDesign\quake-leveldesign-starterkit-master\working\aquaticarchmark2.map
Saved C:\Users\Ryan\Documents\QuakeLevelDesign\quake-leveldesign-starterkit-master\working\aquaticarchmark2.map
Saved C:\Users\Ryan\Documents\QuakeLevelDesign\quake-leveldesign-starterkit-master\working\aquaticarchmark2.map
Saved C:\Users\Ryan\Documents\QuakeLevelDesign\quake-leveldesign-starterkit-master\working\aquaticarchmark2.map
Saved C:\Users\Ryan\Documents\QuakeLevelDesign\quake-leveldesign-starterkit-master\working\aquaticarchmark2.map
Created autosave backup at C:\Users\Ryan\Documents\QuakeLevelDesign\quake-leveldesign-starterkit-master\working\autosave\aquaticarchmark2.22.map
Saved C:\Users\Ryan\Documents\QuakeLevelDesign\quake-leveldesign-starterkit-master\working\aquaticarchmark2.map
Saved C:\Users\Ryan\Documents\QuakeLevelDesign\quake-leveldesign-starterkit-master\working\aquaticarchmark2.map
Saved C:\Users\Ryan\Documents\QuakeLevelDesign\quake-leveldesign-starterkit-master\working\aquaticarchmark2.map
Saved C:\Users\Ryan\Documents\QuakeLevelDesign\quake-leveldesign-starterkit-master\working\aquaticarchmark2.map
Saved C:\Users\Ryan\Documents\QuakeLevelDesign\quake-leveldesign-starterkit-master\working\aquaticarchmark2.map
Saved C:\Users\Ryan\Documents\QuakeLevelDesign\quake-leveldesign-starterkit-master\working\aquaticarchmark2.map
Saved C:\Users\Ryan\Documents\QuakeLevelDesign\quake-leveldesign-starterkit-master\working\aquaticarchmark2.map
Created autosave backup at C:\Users\Ryan\Documents\QuakeLevelDesign\quake-leveldesign-starterkit-master\working\autosave\aquaticarchmark2.23.map
Saved C:\Users\Ryan\Documents\QuakeLevelDesign\quake-leveldesign-starterkit-master\working\aquaticarchmark2.map
Saved C:\Users\Ryan\Documents\QuakeLevelDesign\quake-leveldesign-starterkit-master\working\aquaticarchmark2.map
Saved C:\Users\Ryan\Documents\QuakeLevelDesign\quake-leveldesign-starterkit-master\working\aquaticarchmark2.map
Saved C:\Users\Ryan\Documents\QuakeLevelDesign\quake-leveldesign-starterkit-master\working\aquaticarchmark2.map
Saved C:\Users\Ryan\Documents\QuakeLevelDesign\quake-leveldesign-starterkit-master\working\aquaticarchmark2.map
Saved C:\Users\Ryan\Documents\QuakeLevelDesign\quake-leveldesign-starterkit-master\working\aquaticarchmark2.map
Saved C:\Users\Ryan\Documents\QuakeLevelDesign\quake-leveldesign-starterkit-master\working\aquaticarchmark2.map
Created autosave backup at C:\Users\Ryan\Documents\QuakeLevelDesign\quake-leveldesign-starterkit-master\working\autosave\aquaticarchmark2.24.map
Saved C:\Users\Ryan\Documents\QuakeLevelDesign\quake-leveldesign-starterkit-master\working\aquaticarchmark2.map
Saved C:\Users\Ryan\Documents\QuakeLevelDesign\quake-leveldesign-starterkit-master\working\aquaticarchmark2.map
Saved C:\Users\Ryan\Documents\QuakeLevelDesign\quake-leveldesign-starterkit-master\working\aquaticarchmark2.map
Saved C:\Users\Ryan\Documents\QuakeLevelDesign\quake-leveldesign-starterkit-master\working\aquaticarchmark2.map
Saved C:\Users\Ryan\Documents\QuakeLevelDesign\quake-leveldesign-starterkit-master\working\aquaticarchmark2.map
Saved C:\Users\Ryan\Documents\QuakeLevelDesign\quake-leveldesign-starterkit-master\working\aquaticarchmark2.map
Saved C:\Users\Ryan\Documents\QuakeLevelDesign\quake-leveldesign-starterkit-master\working\aquaticarchmark2.map
Created autosave backup at C:\Users\Ryan\Documents\QuakeLevelDesign\quake-leveldesign-starterkit-master\working\autosave\aquaticarchmark2.25.map
Saved C:\Users\Ryan\Documents\QuakeLevelDesign\quake-leveldesign-starterkit-master\working\aquaticarchmark2.map
Saved C:\Users\Ryan\Documents\QuakeLevelDesign\quake-leveldesign-starterkit-master\working\aquaticarchmark2.map
Saved C:\Users\Ryan\Documents\QuakeLevelDesign\quake-leveldesign-starterkit-master\working\aquaticarchmark2.map
Saved C:\Users\Ryan\Documents\QuakeLevelDesign\quake-leveldesign-starterkit-master\working\aquaticarchmark2.map
Saved C:\Users\Ryan\Documents\QuakeLevelDesign\quake-leveldesign-starterkit-master\working\aquaticarchmark2.map
Saved C:\Users\Ryan\Documents\QuakeLevelDesign\quake-leveldesign-starterkit-master\working\aquaticarchmark2.map
Saved C:\Users\Ryan\Documents\QuakeLevelDesign\quake-leveldesign-starterkit-master\working\aquaticarchmark2.map
Saved C:\Users\Ryan\Documents\QuakeLevelDesign\quake-leveldesign-starterkit-master\working\aquaticarchmark2.map
Saved C:\Users\Ryan\Documents\QuakeLevelDesign\quake-leveldesign-starterkit-master\working\aquaticarchmark2.map
Saved C:\Users\Ryan\Documents\QuakeLevelDesign\quake-leveldesign-starterkit-master\working\aquaticarchmark2.map
Saved C:\Users\Ryan\Documents\QuakeLevelDesign\quake-leveldesign-starterkit-master\working\aquaticarchmark2.map
Saved C:\Users\Ryan\Documents\QuakeLevelDesign\quake-leveldesign-starterkit-master\working\aquaticarchmark2.map
Saved C:\Users\Ryan\Documents\QuakeLevelDesign\quake-leveldesign-starterkit-master\working\aquaticarchmark2.map
Created autosave backup at C:\Users\Ryan\Documents\QuakeLevelDesign\quake-leveldesign-starterkit-master\working\autosave\aquaticarchmark2.26.map
Saved C:\Users\Ryan\Documents\QuakeLevelDesign\quake-leveldesign-starterkit-master\working\aquaticarchmark2.map
Saved C:\Users\Ryan\Documents\QuakeLevelDesign\quake-leveldesign-starterkit-master\working\aquaticarchmark2.map
Saved C:\Users\Ryan\Documents\QuakeLevelDesign\quake-leveldesign-starterkit-master\working\aquaticarchmark2.map
Saved C:\Users\Ryan\Documents\QuakeLevelDesign\quake-leveldesign-starterkit-master\working\aquaticarchmark2.map
Saved C:\Users\Ryan\Documents\QuakeLevelDesign\quake-leveldesign-starterkit-master\working\aquaticarchmark2.map
Saved C:\Users\Ryan\Documents\QuakeLevelDesign\quake-leveldesign-starterkit-master\working\aquaticarchmark2.map
Saved C:\Users\Ryan\Documents\QuakeLevelDesign\quake-leveldesign-starterkit-master\working\aquaticarchmark2.map
Saved C:\Users\Ryan\Documents\QuakeLevelDesign\quake-leveldesign-starterkit-master\working\aquaticarchmark2.map
Saved C:\Users\Ryan\Documents\QuakeLevelDesign\quake-leveldesign-starterkit-master\working\aquaticarchmark2.map
Saved C:\Users\Ryan\Documents\QuakeLevelDesign\quake-leveldesign-starterkit-master\working\aquaticarchmark2.map
Saved C:\Users\Ryan\Documents\QuakeLevelDesign\quake-leveldesign-starterkit-master\working\aquaticarchmark2.map
Created autosave backup at C:\Users\Ryan\Documents\QuakeLevelDesign\quake-leveldesign-starterkit-master\working\autosave\aquaticarchmark2.27.map
Saved C:\Users\Ryan\Documents\QuakeLevelDesign\quake-leveldesign-starterkit-master\working\aquaticarchmark2.map
Saved C:\Users\Ryan\Documents\QuakeLevelDesign\quake-leveldesign-starterkit-master\working\aquaticarchmark2.map
Saved C:\Users\Ryan\Documents\QuakeLevelDesign\quake-leveldesign-starterkit-master\working\aquaticarchmark2.map
Saved C:\Users\Ryan\Documents\QuakeLevelDesign\quake-leveldesign-starterkit-master\working\aquaticarchmark2.map
Saved C:\Users\Ryan\Documents\QuakeLevelDesign\quake-leveldesign-starterkit-master\working\aquaticarchmark2.map
Saved C:\Users\Ryan\Documents\QuakeLevelDesign\quake-leveldesign-starterkit-master\working\aquaticarchmark2.map
Saved C:\Users\Ryan\Documents\QuakeLevelDesign\quake-leveldesign-starterkit-master\working\aquaticarchmark2.map
Saved C:\Users\Ryan\Documents\QuakeLevelDesign\quake-leveldesign-starterkit-master\working\aquaticarchmark2.map
Created autosave backup at C:\Users\Ryan\Documents\QuakeLevelDesign\quake-leveldesign-starterkit-master\working\autosave\aquaticarchmark2.28.map
Saved C:\Users\Ryan\Documents\QuakeLevelDesign\quake-leveldesign-starterkit-master\working\aquaticarchmark2.map
Saved C:\Users\Ryan\Documents\QuakeLevelDesign\quake-leveldesign-starterkit-master\working\aquaticarchmark2.map
Saved C:\Users\Ryan\Documents\QuakeLevelDesign\quake-leveldesign-starterkit-master\working\aquaticarchmark2.map
Saved C:\Users\Ryan\Documents\QuakeLevelDesign\quake-leveldesign-starterkit-master\working\aquaticarchmark2.map
Saved C:\Users\Ryan\Documents\QuakeLevelDesign\quake-leveldesign-starterkit-master\working\aquaticarchmark2.map
Saved C:\Users\Ryan\Documents\QuakeLevelDesign\quake-leveldesign-starterkit-master\working\aquaticarchmark2.map
Saved C:\Users\Ryan\Documents\QuakeLevelDesign\quake-leveldesign-starterkit-master\working\aquaticarchmark2.map
Created autosave backup at C:\Users\Ryan\Documents\QuakeLevelDesign\quake-leveldesign-starterkit-master\working\autosave\aquaticarchmark2.29.map
Saved C:\Users\Ryan\Documents\QuakeLevelDesign\quake-leveldesign-starterkit-master\working\aquaticarchmark2.map
Saved C:\Users\Ryan\Documents\QuakeLevelDesign\quake-leveldesign-starterkit-master\working\aquaticarchmark2.map
Saved C:\Users\Ryan\Documents\QuakeLevelDesign\quake-leveldesign-starterkit-master\working\aquaticarchmark2.map
Saved C:\Users\Ryan\Documents\QuakeLevelDesign\quake-leveldesign-starterkit-master\working\aquaticarchmark2.map
Saved C:\Users\Ryan\Documents\QuakeLevelDesign\quake-leveldesign-starterkit-master\working\aquaticarchmark2.map
Saved C:\Users\Ryan\Documents\QuakeLevelDesign\quake-leveldesign-starterkit-master\working\aquaticarchmark2.map
Saved C:\Users\Ryan\Documents\QuakeLevelDesign\quake-leveldesign-starterkit-master\working\aquaticarchmark2.map
Saved C:\Users\Ryan\Documents\QuakeLevelDesign\quake-leveldesign-starterkit-master\working\aquaticarchmark2.map
Created autosave backup at C:\Users\Ryan\Documents\QuakeLevelDesign\quake-leveldesign-starterkit-master\working\autosave\aquaticarchmark2.30.map
Saved C:\Users\Ryan\Documents\QuakeLevelDesign\quake-leveldesign-starterkit-master\working\aquaticarchmark2.map
Saved C:\Users\Ryan\Documents\QuakeLevelDesign\quake-leveldesign-starterkit-master\working\aquaticarchmark2.map
Saved C:\Users\Ryan\Documents\QuakeLevelDesign\quake-leveldesign-starterkit-master\working\aquaticarchmark2.map
Saved C:\Users\Ryan\Documents\QuakeLevelDesign\quake-leveldesign-starterkit-master\working\aquaticarchmark2.map
Saved C:\Users\Ryan\Documents\QuakeLevelDesign\quake-leveldesign-starterkit-master\working\aquaticarchmark2.map
Saved C:\Users\Ryan\Documents\QuakeLevelDesign\quake-leveldesign-starterkit-master\working\aquaticarchmark2.map
Saved C:\Users\Ryan\Documents\QuakeLevelDesign\quake-leveldesign-starterkit-master\working\aquaticarchmark2.map
Saved C:\Users\Ryan\Documents\QuakeLevelDesign\quake-leveldesign-starterkit-master\working\aquaticarchmark2.map
Created autosave backup at C:\Users\Ryan\Documents\QuakeLevelDesign\quake-leveldesign-starterkit-master\working\autosave\aquaticarchmark2.31.map
Saved C:\Users\Ryan\Documents\QuakeLevelDesign\quake-leveldesign-starterkit-master\working\aquaticarchmark2.map
Saved C:\Users\Ryan\Documents\QuakeLevelDesign\quake-leveldesign-starterkit-master\working\aquaticarchmark2.map
Saved C:\Users\Ryan\Documents\QuakeLevelDesign\quake-leveldesign-starterkit-master\working\aquaticarchmark2.map
Saved C:\Users\Ryan\Documents\QuakeLevelDesign\quake-leveldesign-starterkit-master\working\aquaticarchmark2.map
Saved C:\Users\Ryan\Documents\QuakeLevelDesign\quake-leveldesign-starterkit-master\working\aquaticarchmark2.map
Saved C:\Users\Ryan\Documents\QuakeLevelDesign\quake-leveldesign-starterkit-master\working\aquaticarchmark2.map
Saved C:\Users\Ryan\Documents\QuakeLevelDesign\quake-leveldesign-starterkit-master\working\aquaticarchmark2.map
Saved C:\Users\Ryan\Documents\QuakeLevelDesign\quake-leveldesign-starterkit-master\working\aquaticarchmark2.map
Created autosave backup at C:\Users\Ryan\Documents\QuakeLevelDesign\quake-leveldesign-starterkit-master\working\autosave\aquaticarchmark2.32.map
Saved C:\Users\Ryan\Documents\QuakeLevelDesign\quake-leveldesign-starterkit-master\working\aquaticarchmark2.map
Saved C:\Users\Ryan\Documents\QuakeLevelDesign\quake-leveldesign-starterkit-master\working\aquaticarchmark2.map
Saved C:\Users\Ryan\Documents\QuakeLevelDesign\quake-leveldesign-starterkit-master\working\aquaticarchmark2.map
Saved C:\Users\Ryan\Documents\QuakeLevelDesign\quake-leveldesign-starterkit-master\working\aquaticarchmark2.map
Saved C:\Users\Ryan\Documents\QuakeLevelDesign\quake-leveldesign-starterkit-master\working\aquaticarchmark2.map
Saved C:\Users\Ryan\Documents\QuakeLevelDesign\quake-leveldesign-starterkit-master\working\aquaticarchmark2.map
Saved C:\Users\Ryan\Documents\QuakeLevelDesign\quake-leveldesign-starterkit-master\working\aquaticarchmark2.map
Saved C:\Users\Ryan\Documents\QuakeLevelDesign\quake-leveldesign-starterkit-master\working\aquaticarchmark2.map
Saved C:\Users\Ryan\Documents\QuakeLevelDesign\quake-leveldesign-starterkit-master\working\aquaticarchmark2.map
Saved C:\Users\Ryan\Documents\QuakeLevelDesign\quake-leveldesign-starterkit-master\working\aquaticarchmark2.map
Saved C:\Users\Ryan\Documents\QuakeLevelDesign\quake-leveldesign-starterkit-master\working\aquaticarchmark2.map
Saved C:\Users\Ryan\Documents\QuakeLevelDesign\quake-leveldesign-starterkit-master\working\aquaticarchmark2.map
Saved C:\Users\Ryan\Documents\QuakeLevelDesign\quake-leveldesign-starterkit-master\working\aquaticarchmark2.map
Created autosave backup at C:\Users\Ryan\Documents\QuakeLevelDesign\quake-leveldesign-starterkit-master\working\autosave\aquaticarchmark2.33.map
Saved C:\Users\Ryan\Documents\QuakeLevelDesign\quake-leveldesign-starterkit-master\working\aquaticarchmark2.map
Saved C:\Users\Ryan\Documents\QuakeLevelDesign\quake-leveldesign-starterkit-master\working\aquaticarchmark2.map
Saved C:\Users\Ryan\Documents\QuakeLevelDesign\quake-leveldesign-starterkit-master\working\aquaticarchmark2.map
Saved C:\Users\Ryan\Documents\QuakeLevelDesign\quake-leveldesign-starterkit-master\working\aquaticarchmark2.map
Saved C:\Users\Ryan\Documents\QuakeLevelDesign\quake-leveldesign-starterkit-master\working\aquaticarchmark2.map
Saved C:\Users\Ryan\Documents\QuakeLevelDesign\quake-leveldesign-starterkit-master\working\aquaticarchmark2.map
Saved C:\Users\Ryan\Documents\QuakeLevelDesign\quake-leveldesign-starterkit-master\working\aquaticarchmark2.map
