Renderer info: GeForce RTX 2060/PCIe/SSE2 version 4.6.0 NVIDIA 445.87 from NVIDIA Corporation
Depth buffer bits: 24
Multisampling enabled
Adding file system path C:\Users\Ryan\Documents\QuakeLevelDesign\quake-leveldesign-starterkit-master\trenchbroom\defaults\assets
Adding file system path C:\Users\Ryan\Documents\QuakeLevelDesign\quake-leveldesign-starterkit-master\trenchbroom\defaults\assets
Adding file system path C:\Program Files (x86)\GOG Galaxy\Games\Quake\id1
Adding file system package PAK0.PAK
Adding file system package PAK1.PAK
Loading document from C:\Users\Ryan\Documents\QuakeLevelDesign\quake-leveldesign-starterkit-master\working\aquaticarchmark2.map
Loaded entity definition file Quake.fgd
Loading palette file gfx\palette.lmp
Loaded texture collection 'C:\Users\Ryan\Documents\QuakeLevelDesign\quake-leveldesign-starterkit-master\wads\prototype_1_2.wad'
Created autosave backup at C:\Users\Ryan\Documents\QuakeLevelDesign\quake-leveldesign-starterkit-master\working\autosave\aquaticarchmark2.9.map
Saved C:\Users\Ryan\Documents\QuakeLevelDesign\quake-leveldesign-starterkit-master\working\aquaticarchmark2.map
Saved C:\Users\Ryan\Documents\QuakeLevelDesign\quake-leveldesign-starterkit-master\working\aquaticarchmark2.map
Saved C:\Users\Ryan\Documents\QuakeLevelDesign\quake-leveldesign-starterkit-master\working\aquaticarchmark2.map
Loading palette file gfx\palette.lmp
Loaded texture collection 'C:\Users\Ryan\Documents\QuakeLevelDesign\quake-leveldesign-starterkit-master\wads\id1.wad'
Loading palette file gfx\palette.lmp
Loaded texture collection 'C:\Users\Ryan\Documents\QuakeLevelDesign\quake-leveldesign-starterkit-master\wads\hipnotic.wad'
Loading palette file gfx\palette.lmp
Loaded texture collection 'C:\Users\Ryan\Documents\QuakeLevelDesign\quake-leveldesign-starterkit-master\wads\rogue.wad'
Loading palette file gfx\palette.lmp
Loading palette file gfx\palette.lmp
Loaded texture collection 'C:\Users\Ryan\Documents\QuakeLevelDesign\quake-leveldesign-starterkit-master\wads\prototype_1_2.wad'
Saved C:\Users\Ryan\Documents\QuakeLevelDesign\quake-leveldesign-starterkit-master\working\aquaticarchmark2.map
Saved C:\Users\Ryan\Documents\QuakeLevelDesign\quake-leveldesign-starterkit-master\working\aquaticarchmark2.map
Saved C:\Users\Ryan\Documents\QuakeLevelDesign\quake-leveldesign-starterkit-master\working\aquaticarchmark2.map
Created autosave backup at C:\Users\Ryan\Documents\QuakeLevelDesign\quake-leveldesign-starterkit-master\working\autosave\aquaticarchmark2.10.map
Saved C:\Users\Ryan\Documents\QuakeLevelDesign\quake-leveldesign-starterkit-master\working\aquaticarchmark2.map
Saved C:\Users\Ryan\Documents\QuakeLevelDesign\quake-leveldesign-starterkit-master\working\aquaticarchmark2.map
Saved C:\Users\Ryan\Documents\QuakeLevelDesign\quake-leveldesign-starterkit-master\working\aquaticarchmark2.map
Saved C:\Users\Ryan\Documents\QuakeLevelDesign\quake-leveldesign-starterkit-master\working\aquaticarchmark2.map
Created autosave backup at C:\Users\Ryan\Documents\QuakeLevelDesign\quake-leveldesign-starterkit-master\working\autosave\aquaticarchmark2.11.map
Saved C:\Users\Ryan\Documents\QuakeLevelDesign\quake-leveldesign-starterkit-master\working\aquaticarchmark2.map
Saved C:\Users\Ryan\Documents\QuakeLevelDesign\quake-leveldesign-starterkit-master\working\aquaticarchmark2.map
Saved C:\Users\Ryan\Documents\QuakeLevelDesign\quake-leveldesign-starterkit-master\working\aquaticarchmark2.map
Saved C:\Users\Ryan\Documents\QuakeLevelDesign\quake-leveldesign-starterkit-master\working\aquaticarchmark2.map
Saved C:\Users\Ryan\Documents\QuakeLevelDesign\quake-leveldesign-starterkit-master\working\aquaticarchmark2.map
Saved C:\Users\Ryan\Documents\QuakeLevelDesign\quake-leveldesign-starterkit-master\working\aquaticarchmark2.map
Saved C:\Users\Ryan\Documents\QuakeLevelDesign\quake-leveldesign-starterkit-master\working\aquaticarchmark2.map
Saved C:\Users\Ryan\Documents\QuakeLevelDesign\quake-leveldesign-starterkit-master\working\aquaticarchmark2.map
Saved C:\Users\Ryan\Documents\QuakeLevelDesign\quake-leveldesign-starterkit-master\working\aquaticarchmark2.map
Saved C:\Users\Ryan\Documents\QuakeLevelDesign\quake-leveldesign-starterkit-master\working\aquaticarchmark2.map
Saved C:\Users\Ryan\Documents\QuakeLevelDesign\quake-leveldesign-starterkit-master\working\aquaticarchmark2.map
Created autosave backup at C:\Users\Ryan\Documents\QuakeLevelDesign\quake-leveldesign-starterkit-master\working\autosave\aquaticarchmark2.12.map
Saved C:\Users\Ryan\Documents\QuakeLevelDesign\quake-leveldesign-starterkit-master\working\aquaticarchmark2.map
Saved C:\Users\Ryan\Documents\QuakeLevelDesign\quake-leveldesign-starterkit-master\working\aquaticarchmark2.map
Saved C:\Users\Ryan\Documents\QuakeLevelDesign\quake-leveldesign-starterkit-master\working\aquaticarchmark2.map
Saved C:\Users\Ryan\Documents\QuakeLevelDesign\quake-leveldesign-starterkit-master\working\aquaticarchmark2.map
Saved C:\Users\Ryan\Documents\QuakeLevelDesign\quake-leveldesign-starterkit-master\working\aquaticarchmark2.map
Saved C:\Users\Ryan\Documents\QuakeLevelDesign\quake-leveldesign-starterkit-master\working\aquaticarchmark2.map
Saved C:\Users\Ryan\Documents\QuakeLevelDesign\quake-leveldesign-starterkit-master\working\aquaticarchmark2.map
Saved C:\Users\Ryan\Documents\QuakeLevelDesign\quake-leveldesign-starterkit-master\working\aquaticarchmark2.map
Saved C:\Users\Ryan\Documents\QuakeLevelDesign\quake-leveldesign-starterkit-master\working\aquaticarchmark2.map
Created autosave backup at C:\Users\Ryan\Documents\QuakeLevelDesign\quake-leveldesign-starterkit-master\working\autosave\aquaticarchmark2.13.map
Saved C:\Users\Ryan\Documents\QuakeLevelDesign\quake-leveldesign-starterkit-master\working\aquaticarchmark2.map
Saved C:\Users\Ryan\Documents\QuakeLevelDesign\quake-leveldesign-starterkit-master\working\aquaticarchmark2.map
Saved C:\Users\Ryan\Documents\QuakeLevelDesign\quake-leveldesign-starterkit-master\working\aquaticarchmark2.map
Saved C:\Users\Ryan\Documents\QuakeLevelDesign\quake-leveldesign-starterkit-master\working\aquaticarchmark2.map
Saved C:\Users\Ryan\Documents\QuakeLevelDesign\quake-leveldesign-starterkit-master\working\aquaticarchmark2.map
Saved C:\Users\Ryan\Documents\QuakeLevelDesign\quake-leveldesign-starterkit-master\working\aquaticarchmark2.map
Saved C:\Users\Ryan\Documents\QuakeLevelDesign\quake-leveldesign-starterkit-master\working\aquaticarchmark2.map
Saved C:\Users\Ryan\Documents\QuakeLevelDesign\quake-leveldesign-starterkit-master\working\aquaticarchmark2.map
Saved C:\Users\Ryan\Documents\QuakeLevelDesign\quake-leveldesign-starterkit-master\working\aquaticarchmark2.map
Saved C:\Users\Ryan\Documents\QuakeLevelDesign\quake-leveldesign-starterkit-master\working\aquaticarchmark2.map
Saved C:\Users\Ryan\Documents\QuakeLevelDesign\quake-leveldesign-starterkit-master\working\aquaticarchmark2.map
Saved C:\Users\Ryan\Documents\QuakeLevelDesign\quake-leveldesign-starterkit-master\working\aquaticarchmark2.map
Saved C:\Users\Ryan\Documents\QuakeLevelDesign\quake-leveldesign-starterkit-master\working\aquaticarchmark2.map
Saved C:\Users\Ryan\Documents\QuakeLevelDesign\quake-leveldesign-starterkit-master\working\aquaticarchmark2.map
Created autosave backup at C:\Users\Ryan\Documents\QuakeLevelDesign\quake-leveldesign-starterkit-master\working\autosave\aquaticarchmark2.14.map
Saved C:\Users\Ryan\Documents\QuakeLevelDesign\quake-leveldesign-starterkit-master\working\aquaticarchmark2.map
Saved C:\Users\Ryan\Documents\QuakeLevelDesign\quake-leveldesign-starterkit-master\working\aquaticarchmark2.map
Saved C:\Users\Ryan\Documents\QuakeLevelDesign\quake-leveldesign-starterkit-master\working\aquaticarchmark2.map
Saved C:\Users\Ryan\Documents\QuakeLevelDesign\quake-leveldesign-starterkit-master\working\aquaticarchmark2.map
Saved C:\Users\Ryan\Documents\QuakeLevelDesign\quake-leveldesign-starterkit-master\working\aquaticarchmark2.map
Saved C:\Users\Ryan\Documents\QuakeLevelDesign\quake-leveldesign-starterkit-master\working\aquaticarchmark2.map
Saved C:\Users\Ryan\Documents\QuakeLevelDesign\quake-leveldesign-starterkit-master\working\aquaticarchmark2.map
Saved C:\Users\Ryan\Documents\QuakeLevelDesign\quake-leveldesign-starterkit-master\working\aquaticarchmark2.map
Saved C:\Users\Ryan\Documents\QuakeLevelDesign\quake-leveldesign-starterkit-master\working\aquaticarchmark2.map
Saved C:\Users\Ryan\Documents\QuakeLevelDesign\quake-leveldesign-starterkit-master\working\aquaticarchmark2.map
Saved C:\Users\Ryan\Documents\QuakeLevelDesign\quake-leveldesign-starterkit-master\working\aquaticarchmark2.map
Created autosave backup at C:\Users\Ryan\Documents\QuakeLevelDesign\quake-leveldesign-starterkit-master\working\autosave\aquaticarchmark2.15.map
Saved C:\Users\Ryan\Documents\QuakeLevelDesign\quake-leveldesign-starterkit-master\working\aquaticarchmark2.map
Saved C:\Users\Ryan\Documents\QuakeLevelDesign\quake-leveldesign-starterkit-master\working\aquaticarchmark2.map
Saved C:\Users\Ryan\Documents\QuakeLevelDesign\quake-leveldesign-starterkit-master\working\aquaticarchmark2.map
Saved C:\Users\Ryan\Documents\QuakeLevelDesign\quake-leveldesign-starterkit-master\working\aquaticarchmark2.map
Saved C:\Users\Ryan\Documents\QuakeLevelDesign\quake-leveldesign-starterkit-master\working\aquaticarchmark2.map
Saved C:\Users\Ryan\Documents\QuakeLevelDesign\quake-leveldesign-starterkit-master\working\aquaticarchmark2.map
Saved C:\Users\Ryan\Documents\QuakeLevelDesign\quake-leveldesign-starterkit-master\working\aquaticarchmark2.map
Saved C:\Users\Ryan\Documents\QuakeLevelDesign\quake-leveldesign-starterkit-master\working\aquaticarchmark2.map
Saved C:\Users\Ryan\Documents\QuakeLevelDesign\quake-leveldesign-starterkit-master\working\aquaticarchmark2.map
Created autosave backup at C:\Users\Ryan\Documents\QuakeLevelDesign\quake-leveldesign-starterkit-master\working\autosave\aquaticarchmark2.16.map
Saved C:\Users\Ryan\Documents\QuakeLevelDesign\quake-leveldesign-starterkit-master\working\aquaticarchmark2.map
Saved C:\Users\Ryan\Documents\QuakeLevelDesign\quake-leveldesign-starterkit-master\working\aquaticarchmark2.map
Saved C:\Users\Ryan\Documents\QuakeLevelDesign\quake-leveldesign-starterkit-master\working\aquaticarchmark2.map
Saved C:\Users\Ryan\Documents\QuakeLevelDesign\quake-leveldesign-starterkit-master\working\aquaticarchmark2.map
Saved C:\Users\Ryan\Documents\QuakeLevelDesign\quake-leveldesign-starterkit-master\working\aquaticarchmark2.map
Saved C:\Users\Ryan\Documents\QuakeLevelDesign\quake-leveldesign-starterkit-master\working\aquaticarchmark2.map
Saved C:\Users\Ryan\Documents\QuakeLevelDesign\quake-leveldesign-starterkit-master\working\aquaticarchmark2.map
Saved C:\Users\Ryan\Documents\QuakeLevelDesign\quake-leveldesign-starterkit-master\working\aquaticarchmark2.map
Saved C:\Users\Ryan\Documents\QuakeLevelDesign\quake-leveldesign-starterkit-master\working\aquaticarchmark2.map
Saved C:\Users\Ryan\Documents\QuakeLevelDesign\quake-leveldesign-starterkit-master\working\aquaticarchmark2.map
Saved C:\Users\Ryan\Documents\QuakeLevelDesign\quake-leveldesign-starterkit-master\working\aquaticarchmark2.map
Saved C:\Users\Ryan\Documents\QuakeLevelDesign\quake-leveldesign-starterkit-master\working\aquaticarchmark2.map
Saved C:\Users\Ryan\Documents\QuakeLevelDesign\quake-leveldesign-starterkit-master\working\aquaticarchmark2.map
Saved C:\Users\Ryan\Documents\QuakeLevelDesign\quake-leveldesign-starterkit-master\working\aquaticarchmark2.map
Saved C:\Users\Ryan\Documents\QuakeLevelDesign\quake-leveldesign-starterkit-master\working\aquaticarchmark2.map
Saved C:\Users\Ryan\Documents\QuakeLevelDesign\quake-leveldesign-starterkit-master\working\aquaticarchmark2.map
Saved C:\Users\Ryan\Documents\QuakeLevelDesign\quake-leveldesign-starterkit-master\working\aquaticarchmark2.map
Saved C:\Users\Ryan\Documents\QuakeLevelDesign\quake-leveldesign-starterkit-master\working\aquaticarchmark2.map
Saved C:\Users\Ryan\Documents\QuakeLevelDesign\quake-leveldesign-starterkit-master\working\aquaticarchmark2.map
Saved C:\Users\Ryan\Documents\QuakeLevelDesign\quake-leveldesign-starterkit-master\working\aquaticarchmark2.map
Saved C:\Users\Ryan\Documents\QuakeLevelDesign\quake-leveldesign-starterkit-master\working\aquaticarchmark2.map
Saved C:\Users\Ryan\Documents\QuakeLevelDesign\quake-leveldesign-starterkit-master\working\aquaticarchmark2.map
Saved C:\Users\Ryan\Documents\QuakeLevelDesign\quake-leveldesign-starterkit-master\working\aquaticarchmark2.map
Saved C:\Users\Ryan\Documents\QuakeLevelDesign\quake-leveldesign-starterkit-master\working\aquaticarchmark2.map
Saved C:\Users\Ryan\Documents\QuakeLevelDesign\quake-leveldesign-starterkit-master\working\aquaticarchmark2.map
Saved C:\Users\Ryan\Documents\QuakeLevelDesign\quake-leveldesign-starterkit-master\working\aquaticarchmark2.map
Saved C:\Users\Ryan\Documents\QuakeLevelDesign\quake-leveldesign-starterkit-master\working\aquaticarchmark2.map
Saved C:\Users\Ryan\Documents\QuakeLevelDesign\quake-leveldesign-starterkit-master\working\aquaticarchmark2.map
Saved C:\Users\Ryan\Documents\QuakeLevelDesign\quake-leveldesign-starterkit-master\working\aquaticarchmark2.map
Saved C:\Users\Ryan\Documents\QuakeLevelDesign\quake-leveldesign-starterkit-master\working\aquaticarchmark2.map
Saved C:\Users\Ryan\Documents\QuakeLevelDesign\quake-leveldesign-starterkit-master\working\aquaticarchmark2.map
Saved C:\Users\Ryan\Documents\QuakeLevelDesign\quake-leveldesign-starterkit-master\working\aquaticarchmark2.map
Saved C:\Users\Ryan\Documents\QuakeLevelDesign\quake-leveldesign-starterkit-master\working\aquaticarchmark2.map
Saved C:\Users\Ryan\Documents\QuakeLevelDesign\quake-leveldesign-starterkit-master\working\aquaticarchmark2.map
Saved C:\Users\Ryan\Documents\QuakeLevelDesign\quake-leveldesign-starterkit-master\working\aquaticarchmark2.map
Saved C:\Users\Ryan\Documents\QuakeLevelDesign\quake-leveldesign-starterkit-master\working\aquaticarchmark2.map
Saved C:\Users\Ryan\Documents\QuakeLevelDesign\quake-leveldesign-starterkit-master\working\aquaticarchmark2.map
Saved C:\Users\Ryan\Documents\QuakeLevelDesign\quake-leveldesign-starterkit-master\working\aquaticarchmark2.map
Saved C:\Users\Ryan\Documents\QuakeLevelDesign\quake-leveldesign-starterkit-master\working\aquaticarchmark2.map
Saved C:\Users\Ryan\Documents\QuakeLevelDesign\quake-leveldesign-starterkit-master\working\aquaticarchmark2.map
Saved C:\Users\Ryan\Documents\QuakeLevelDesign\quake-leveldesign-starterkit-master\working\aquaticarchmark2.map
Created autosave backup at C:\Users\Ryan\Documents\QuakeLevelDesign\quake-leveldesign-starterkit-master\working\autosave\aquaticarchmark2.17.map
Saved C:\Users\Ryan\Documents\QuakeLevelDesign\quake-leveldesign-starterkit-master\working\aquaticarchmark2.map
Saved C:\Users\Ryan\Documents\QuakeLevelDesign\quake-leveldesign-starterkit-master\working\aquaticarchmark2.map
Saved C:\Users\Ryan\Documents\QuakeLevelDesign\quake-leveldesign-starterkit-master\working\aquaticarchmark2.map
Saved C:\Users\Ryan\Documents\QuakeLevelDesign\quake-leveldesign-starterkit-master\working\aquaticarchmark2.map
Saved C:\Users\Ryan\Documents\QuakeLevelDesign\quake-leveldesign-starterkit-master\working\aquaticarchmark2.map
Saved C:\Users\Ryan\Documents\QuakeLevelDesign\quake-leveldesign-starterkit-master\working\aquaticarchmark2.map
Saved C:\Users\Ryan\Documents\QuakeLevelDesign\quake-leveldesign-starterkit-master\working\aquaticarchmark2.map
Saved C:\Users\Ryan\Documents\QuakeLevelDesign\quake-leveldesign-starterkit-master\working\aquaticarchmark2.map
Saved C:\Users\Ryan\Documents\QuakeLevelDesign\quake-leveldesign-starterkit-master\working\aquaticarchmark2.map
Saved C:\Users\Ryan\Documents\QuakeLevelDesign\quake-leveldesign-starterkit-master\working\aquaticarchmark2.map
Saved C:\Users\Ryan\Documents\QuakeLevelDesign\quake-leveldesign-starterkit-master\working\aquaticarchmark2.map
Saved C:\Users\Ryan\Documents\QuakeLevelDesign\quake-leveldesign-starterkit-master\working\aquaticarchmark2.map
Saved C:\Users\Ryan\Documents\QuakeLevelDesign\quake-leveldesign-starterkit-master\working\aquaticarchmark2.map
Saved C:\Users\Ryan\Documents\QuakeLevelDesign\quake-leveldesign-starterkit-master\working\aquaticarchmark2.map
Saved C:\Users\Ryan\Documents\QuakeLevelDesign\quake-leveldesign-starterkit-master\working\aquaticarchmark2.map
Saved C:\Users\Ryan\Documents\QuakeLevelDesign\quake-leveldesign-starterkit-master\working\aquaticarchmark2.map
Saved C:\Users\Ryan\Documents\QuakeLevelDesign\quake-leveldesign-starterkit-master\working\aquaticarchmark2.map
Saved C:\Users\Ryan\Documents\QuakeLevelDesign\quake-leveldesign-starterkit-master\working\aquaticarchmark2.map
Saved C:\Users\Ryan\Documents\QuakeLevelDesign\quake-leveldesign-starterkit-master\working\aquaticarchmark2.map
Saved C:\Users\Ryan\Documents\QuakeLevelDesign\quake-leveldesign-starterkit-master\working\aquaticarchmark2.map
Created autosave backup at C:\Users\Ryan\Documents\QuakeLevelDesign\quake-leveldesign-starterkit-master\working\autosave\aquaticarchmark2.18.map
Saved C:\Users\Ryan\Documents\QuakeLevelDesign\quake-leveldesign-starterkit-master\working\aquaticarchmark2.map
Saved C:\Users\Ryan\Documents\QuakeLevelDesign\quake-leveldesign-starterkit-master\working\aquaticarchmark2.map
Saved C:\Users\Ryan\Documents\QuakeLevelDesign\quake-leveldesign-starterkit-master\working\aquaticarchmark2.map
Saved C:\Users\Ryan\Documents\QuakeLevelDesign\quake-leveldesign-starterkit-master\working\aquaticarchmark2.map
Saved C:\Users\Ryan\Documents\QuakeLevelDesign\quake-leveldesign-starterkit-master\working\aquaticarchmark2.map
Saved C:\Users\Ryan\Documents\QuakeLevelDesign\quake-leveldesign-starterkit-master\working\aquaticarchmark2.map
Saved C:\Users\Ryan\Documents\QuakeLevelDesign\quake-leveldesign-starterkit-master\working\aquaticarchmark2.map
Saved C:\Users\Ryan\Documents\QuakeLevelDesign\quake-leveldesign-starterkit-master\working\aquaticarchmark2.map
Saved C:\Users\Ryan\Documents\QuakeLevelDesign\quake-leveldesign-starterkit-master\working\aquaticarchmark2.map
Saved C:\Users\Ryan\Documents\QuakeLevelDesign\quake-leveldesign-starterkit-master\working\aquaticarchmark2.map
Saved C:\Users\Ryan\Documents\QuakeLevelDesign\quake-leveldesign-starterkit-master\working\aquaticarchmark2.map
Saved C:\Users\Ryan\Documents\QuakeLevelDesign\quake-leveldesign-starterkit-master\working\aquaticarchmark2.map
Loading palette file gfx\palette.lmp
Saved C:\Users\Ryan\Documents\QuakeLevelDesign\quake-leveldesign-starterkit-master\working\aquaticarchmark2.map
Saved C:\Users\Ryan\Documents\QuakeLevelDesign\quake-leveldesign-starterkit-master\working\aquaticarchmark2.map
Created autosave backup at C:\Users\Ryan\Documents\QuakeLevelDesign\quake-leveldesign-starterkit-master\working\autosave\aquaticarchmark2.19.map
Saved C:\Users\Ryan\Documents\QuakeLevelDesign\quake-leveldesign-starterkit-master\working\aquaticarchmark2.map
Saved C:\Users\Ryan\Documents\QuakeLevelDesign\quake-leveldesign-starterkit-master\working\aquaticarchmark2.map
Saved C:\Users\Ryan\Documents\QuakeLevelDesign\quake-leveldesign-starterkit-master\working\aquaticarchmark2.map
Saved C:\Users\Ryan\Documents\QuakeLevelDesign\quake-leveldesign-starterkit-master\working\aquaticarchmark2.map
Saved C:\Users\Ryan\Documents\QuakeLevelDesign\quake-leveldesign-starterkit-master\working\aquaticarchmark2.map
Saved C:\Users\Ryan\Documents\QuakeLevelDesign\quake-leveldesign-starterkit-master\working\aquaticarchmark2.map
Saved C:\Users\Ryan\Documents\QuakeLevelDesign\quake-leveldesign-starterkit-master\working\aquaticarchmark2.map
Saved C:\Users\Ryan\Documents\QuakeLevelDesign\quake-leveldesign-starterkit-master\working\aquaticarchmark2.map
Saved C:\Users\Ryan\Documents\QuakeLevelDesign\quake-leveldesign-starterkit-master\working\aquaticarchmark2.map
Saved C:\Users\Ryan\Documents\QuakeLevelDesign\quake-leveldesign-starterkit-master\working\aquaticarchmark2.map
Saved C:\Users\Ryan\Documents\QuakeLevelDesign\quake-leveldesign-starterkit-master\working\aquaticarchmark2.map
Saved C:\Users\Ryan\Documents\QuakeLevelDesign\quake-leveldesign-starterkit-master\working\aquaticarchmark2.map
Saved C:\Users\Ryan\Documents\QuakeLevelDesign\quake-leveldesign-starterkit-master\working\aquaticarchmark2.map
Saved C:\Users\Ryan\Documents\QuakeLevelDesign\quake-leveldesign-starterkit-master\working\aquaticarchmark2.map
Created autosave backup at C:\Users\Ryan\Documents\QuakeLevelDesign\quake-leveldesign-starterkit-master\working\autosave\aquaticarchmark2.20.map
Saved C:\Users\Ryan\Documents\QuakeLevelDesign\quake-leveldesign-starterkit-master\working\aquaticarchmark2.map
Saved C:\Users\Ryan\Documents\QuakeLevelDesign\quake-leveldesign-starterkit-master\working\aquaticarchmark2.map
Saved C:\Users\Ryan\Documents\QuakeLevelDesign\quake-leveldesign-starterkit-master\working\aquaticarchmark2.map
Saved C:\Users\Ryan\Documents\QuakeLevelDesign\quake-leveldesign-starterkit-master\working\aquaticarchmark2.map
