---- light / ericw-tools v0.18.1 ----
Raytracing backend: Embree
running with 16 threads
LoadBSPFile: 'firstmap.bsp'
BSP is version 29
--- LoadEntities ---
8 entities read, 4 are lights.
--- OptionsSummary ---
Embree_TraceInit: Embree version: 2.15.0
Embree_TraceInit:
	0 sky faces
	148 solid faces
	0 filtered faces
	0 shadow-casting skip faces
SetupLights: 4 initial lights
SetupLights: 4 after surface lights
SetupLights: 4 after jittering
--- EstimateLightVisibility ---
0....1....2....3....4....5....6....7..
Final count: 4 lights 0 suns in use.
--- LightWorld ---
0....1....2....3....4....5....6....7....8....9....
Lighting Completed.

lightdatasize: 3329
0 switchable light styles (32 max)
Writing firstmap.bsp as BSP version 29
0.077 seconds elapsed

stats:
1.199528 lights tested, 0.797166 hits per sample point
0.000000 bounce lights tested, 0.000000 hits per sample point
0 empty lightmaps
